2017-04-26 16:28:10 simple.py[line:120] k_means_sklearn DEBUG n_sample:	1437	n_feature:	64	labels:	10
2017-04-26 16:28:10 simple.py[line:125] k_means_sklearn DEBUG <bound method KMeans.get_params of KMeans(copy_x=True, init='k-means++', max_iter=300, n_clusters=10, n_init=10,
    n_jobs=1, precompute_distances='auto', random_state=None, tol=0.0001,
    verbose=0)>
2017-04-26 16:28:10 simple.py[line:126] k_means_sklearn DEBUG (10, 64)
2017-04-26 16:28:10 simple.py[line:91] map_center2label_most DEBUG pre_digts:[0 1 2 3 4 5 6 7 8 9]
2017-04-26 16:28:10 simple.py[line:96] map_center2label_most DEBUG cur_real_y : [4 4 4 4 4 5 4 4 4 4 4 4 4 4 4 4 4 4 4 4 4 4 4 4 4 4 4 4 4 4 4 4 4 4 4 4 4
 4 4 4 4 4 4 4 4 4 4 4 4 4 4 4 4 4 4 4 4 4 4 4 4 4 4 4 4 4 4 4 4 4 4 4 4 4
 4 4 4 4 5 4 4 4 4 4 4 4 4 4 4 4 4 4 4 4 4 4 4 4 4 4 4 4 4 4 4 4 4 4 4 4 4
 4 4 4 4 4 4 4 4 4 4 4 4 0 4 4 4 4 4 4 4 4 4 4 4 4 4]
2017-04-26 16:28:10 simple.py[line:101] map_center2label_most DEBUG stat_num : [1, 134, 2]
2017-04-26 16:28:10 simple.py[line:103] map_center2label_most DEBUG real_lab : [0 4 5]
2017-04-26 16:28:10 simple.py[line:108] map_center2label_most DEBUG last, 0===>4
2017-04-26 16:28:10 simple.py[line:96] map_center2label_most DEBUG cur_real_y : [2 2 2 2 2 5 2 2 2 2 2 2 2 5 2 2 2 2 2 2 2 3 2 2 2 5 2 2 7 2 7 2 2 2 2 7 8
 2 2 5 8 2 3 2 2 2 2 2 7 2 3 2 5 5 5 2 2 2 5 2 5 3 2 2 2 2 2 2 2 2 2 3 7 5
 2 2 2 5 5 2 2 2 2 8 2 5 2 2 2 8 2 2 2 2 2 5 2 2 2 8 2 5 2 8 2 5 2 8 8 2 2
 2 2 7 2 2 2]
2017-04-26 16:28:10 simple.py[line:101] map_center2label_most DEBUG stat_num : [82, 5, 16, 6, 8]
2017-04-26 16:28:10 simple.py[line:103] map_center2label_most DEBUG real_lab : [2 3 5 7 8]
2017-04-26 16:28:10 simple.py[line:108] map_center2label_most DEBUG last, 1===>2
2017-04-26 16:28:10 simple.py[line:96] map_center2label_most DEBUG cur_real_y : [9 3 9 9 3 9 5 3 9 5 3 5 5 3 5 3 5 5 9 5 8 3 9 5 3 3 3 3 3 5 3 5 8 5 5 3 3
 5 9 9 9 9 9 3 5 3 3 3 3 8 9 3 5 9 5 8 3 3 3 9 3 3 3 3 8 9 3 3 9 3 3 5 3 8
 3 9 5 3 3 9 3 5 3 9 9 8 9 8 3 3 5 8 3 5 8 5 9 9 5 3 5 9 3 3 5 3 3 3 5 8 3
 3 5 5 3 9 3 9 8 3 3 3 9 9 8 3 5 3 9 8 3 3 9 9 3 9 3 9 8 3 9 9 9 9 5 9 3 3
 9 5 9 3 9 3 3 3 5 9 9 3 3 8 3 3 3 5 3 3 9 9 3 3 3 9 9 3 9 3 5 9 9 3 5 3 9
 9 3 3 3 9 9 9 5 9 5 5 5 3 5 9 9 9 5 9 3 3 9 9 9 9 3 8 9 5 3 8 9 9 9 8 9 3
 5 3 9 9 3 9 3 9 3 5 8 9 3 9 3 5 3 9 9 9 3 3 9 9 5 8 3 3 9 9 9 3 9 9 3 9 9
 8 9 9 8 9 8 3 3 9 8 3 3 8 9 3 5 9 3 9 3 3 3 9 9 3 5 3 3 5 9 3 5 9 8 3 3 5
 3 5 8 3 3 8 9 8 3 9 3 9 3 5 3 9]
2017-04-26 16:28:10 simple.py[line:101] map_center2label_most DEBUG stat_num : [125, 54, 30, 103]
2017-04-26 16:28:10 simple.py[line:103] map_center2label_most DEBUG real_lab : [3 5 8 9]
2017-04-26 16:28:10 simple.py[line:108] map_center2label_most DEBUG last, 2===>3
2017-04-26 16:28:10 simple.py[line:96] map_center2label_most DEBUG cur_real_y : [1 9 1 9 9 1 9 1 1 1 1 1 1 1 1 8 1 1 1 1 1 1 1 2 1 1 1 1 1 1 1 1 8 1 1 1 1
 1 1 1 2 9 1 1 9 1 1 1 1 9 2 1 1 1 9 1 9 1 1 8]
2017-04-26 16:28:10 simple.py[line:101] map_center2label_most DEBUG stat_num : [45, 3, 3, 9]
2017-04-26 16:28:10 simple.py[line:103] map_center2label_most DEBUG real_lab : [1 2 8 9]
2017-04-26 16:28:10 simple.py[line:108] map_center2label_most DEBUG last, 3===>1
2017-04-26 16:28:10 simple.py[line:96] map_center2label_most DEBUG cur_real_y : [6 6 6 6 6 6 6 6 6 6 6 6 6 6 6 6 6 6 6 6 6 6 6 6 6 6 6 6 6 6 6 6 6 6 6 6 6
 6 6 6 6 6 6 6 6 6 6 6 8 6 6 6 6 6 6 6 6 6 6 6 6 6 6 6 6 6 6 6 6 6 6 6 6 6
 6 6 6 6 6 6 6 6 6 6 6 6 6 6 6 6 6 6 6 6 6 6 6 6 6 6 6 6 6 6 6 6 6 6 6 6 6
 6 6 6 6 6 6 6 6 6 5 6 6 6 6 6 6 6 6 6 6 6 6 6 6 6 8 6 5]
2017-04-26 16:28:10 simple.py[line:101] map_center2label_most DEBUG stat_num : [2, 135, 2]
2017-04-26 16:28:10 simple.py[line:103] map_center2label_most DEBUG real_lab : [5 6 8]
2017-04-26 16:28:10 simple.py[line:108] map_center2label_most DEBUG last, 4===>6
2017-04-26 16:28:10 simple.py[line:96] map_center2label_most DEBUG cur_real_y : [0 0 0 0 0 0 0 0 0 0 0 0 0 0 0 0 0 0 0 0 5 0 0 0 0 9 0 0 0 0 0 0 0 0 0 0 0
 0 0 0 0 0 0 0 0 0 0 0 0 0 0 0 0 0 0 0 0 0 0 0 9 0 0 0 0 0 0 0 0 0 0 0 0 0
 0 0 0 0 0 0 6 0 0 0 0 0 0 0 0 0 0 0 0 0 0 0 0 9 0 9 0 0 0 0 0 0 0 0 0 5 0
 3 0 0 0 0 0 0 0 9 0 0 0 0 0 0 0 0 0 0 0 0 0 0 0 0 0 0 0 0 0 0 2 0 0 0 0 0
 0 0]
2017-04-26 16:28:10 simple.py[line:101] map_center2label_most DEBUG stat_num : [140, 1, 1, 2, 1, 5]
2017-04-26 16:28:10 simple.py[line:103] map_center2label_most DEBUG real_lab : [0 2 3 5 6 9]
2017-04-26 16:28:10 simple.py[line:108] map_center2label_most DEBUG last, 5===>0
2017-04-26 16:28:10 simple.py[line:96] map_center2label_most DEBUG cur_real_y : [7 7 7 7 7 7 7 7 7 5 7 7 7 7 7 3 7 7 7 7 7 7 7 7 7 7 7 3 7 7 7 7 7 7 7 7 7
 7 7 7 7 7 7 7 7 7 7 7 7 7 7 7 9 7 7 7 7 3 7 7 7 7 7 7 7 7 7 7 7 7 7 7 7 7
 7 7 7 7 7 7 7 7 7 7 7 7 7 7 7 7 7 7 7 9 7 7 9 7 7 7 7 7 7 7 7 7 7 7 7 7 7
 7 7 7 7 7 7 7 9 7 7 7 4 2 7]
2017-04-26 16:28:10 simple.py[line:101] map_center2label_most DEBUG stat_num : [1, 3, 1, 1, 115, 4]
2017-04-26 16:28:10 simple.py[line:103] map_center2label_most DEBUG real_lab : [2 3 4 5 7 9]
2017-04-26 16:28:10 simple.py[line:108] map_center2label_most DEBUG last, 6===>7
2017-04-26 16:28:10 simple.py[line:96] map_center2label_most DEBUG cur_real_y : [3 1 8 1 5 2 5 8 8 5 5 8 5 9 1 8 9 8 8 1 8 8 8 5 1 2 5 8 3 5 8 5 8 5 1 7 1
 5 1 1 1 8 7 5 1 1 8 6 9 5 7 8 8 1 1 1 1 8 8 1 1 8 3 2 5 1 8 8 8 1 2 1 5 1
 8 8 8 2 1 9 5 8 8 7 1 8 5 1 1 1 8 5 8 5 3 2 2 5 8 8 5 1 5 5 1 8 5 8 8 1 1
 1 1 8 8 2 8 1 2 8 4 8 8 1 8 5 5 3 9 1 8 8 7 8 1 5 8 1 2 1 1 1 5 1 8 8 8 8
 2 8 5 5 5 5 5 7 8 5 1 5 8 7 8 1 5 5 5 5 5 1 3 5 8 8 8 7 5 8 1 7 8 2 1 5 2
 8 8 8 1 8 8 8 3 8 5 1 8 8 8 5 4 8 1 5 1 2 8 8 8 7 8 1 6 1 8 9 8 5 1 2 1 5
 8 5 9 5 8 1 5 8 8 8 8 1 2 1 2 5 7 9 5 1 1 5 5 5 8 1 5 5 5 8 8 3 1 8 1 5 5
 7 3 6 5 1 1 1 3 1 1 5 1 8 8 8 1 8 5 1 5 1 5 1 1 8 6 1 8 1 3 8 1 1 5 8 5 5
 1 8 8 4 1 1 8 5 6 3 5 1 1 1]
2017-04-26 16:28:10 simple.py[line:101] map_center2label_most DEBUG stat_num : [84, 17, 12, 3, 71, 5, 12, 98, 8]
2017-04-26 16:28:10 simple.py[line:103] map_center2label_most DEBUG real_lab : [1 2 3 4 5 6 7 8 9]
2017-04-26 16:28:10 simple.py[line:108] map_center2label_most DEBUG last, 7===>8
2017-04-26 16:28:10 simple.py[line:96] map_center2label_most DEBUG cur_real_y : [7 4 7 7 9 9 7 7 7 4 7 9 4 7 9 7 9 4 7 7 7 9 7 4]
2017-04-26 16:28:10 simple.py[line:101] map_center2label_most DEBUG stat_num : [5, 13, 6]
2017-04-26 16:28:10 simple.py[line:103] map_center2label_most DEBUG real_lab : [4 7 9]
2017-04-26 16:28:10 simple.py[line:108] map_center2label_most DEBUG last, 8===>7
2017-04-26 16:28:10 simple.py[line:96] map_center2label_most DEBUG cur_real_y : [1 1 1 1 2 1 2 2 1 1 2 1 2 1 2 2 2 1 2 1 1 2 2 2 2 2 1 2 2 1 2 2 1 2 1 1 2
 2 1 2 2 3 2 1 2 2 1 2 1 2 2 2 2 2 1 2 2 2 2 1 2 1 2]
2017-04-26 16:28:10 simple.py[line:101] map_center2label_most DEBUG stat_num : [24, 38, 1]
2017-04-26 16:28:10 simple.py[line:103] map_center2label_most DEBUG real_lab : [1 2 3]
2017-04-26 16:28:10 simple.py[line:108] map_center2label_most DEBUG last, 9===>2
